<?xml version="1.0" encoding="UTF-8"?>
<!-- Generated by org.testng.reporters.JUnitReportReporter -->
<testsuite hostname="ITPL-LTP-022" failures="0" tests="7" name="com.prameterise.PrameterDemo" time="0.023" errors="0" timestamp="2025-01-16T15:09:58 IST" skipped="1">
  <testcase classname="com.prameterise.PrameterDemo" name="timeoutdemo" time="0.006"/>
  <testcase classname="com.prameterise.PrameterDemo" name="grouptest3" time="0.002"/>
  <testcase classname="com.prameterise.PrameterDemo" name="grouptest31" time="0.001"/>
  <testcase classname="com.prameterise.PrameterDemo" name="grouptest" time="0.011"/>
  <testcase classname="com.prameterise.PrameterDemo" name="grouptest3" time="0.002"/>
  <testcase classname="com.prameterise.PrameterDemo" name="grouptest3" time="0.001"/>
  <testcase classname="com.prameterise.PrameterDemo" name="grouptest1">
    <skipped/>
  </testcase> <!-- grouptest1 -->
</testsuite> <!-- com.prameterise.PrameterDemo -->
